<?xml version="1.0" encoding="UTF-8"?>
<testsuite xmlns:xsi="http://www.w3.org/2001/XMLSchema-instance" xsi:noNamespaceSchemaLocation="https://maven.apache.org/surefire/maven-surefire-plugin/xsd/surefire-test-report.xsd" version="3.0.2" name="io.github.ragHub.retrieval.RagPipelineTest" time="8.255" tests="2" errors="0" skipped="0" failures="0">
  <properties>
[...]
</properties>
  <testcase name="pipeline_constructsSuccessfully" classname="io.github.ragHub.retrieval.RagPipelineTest" time="8.216"/>
  <testcase name="reranker_sortsDocumentsByKeywordOverlap" classname="io.github.ragHub.retrieval.RagPipelineTest" time="0.019"/>
</testsuite>