<?xml version="1.0" encoding="UTF-8"?>
<testsuite xmlns:xsi="http://www.w3.org/2001/XMLSchema-instance" xsi:noNamespaceSchemaLocation="https://maven.apache.org/surefire/maven-surefire-plugin/xsd/surefire-test-report.xsd" version="3.0.2" name="io.github.ragHub.ingestion.IngestionServiceTest" time="8.246" tests="2" errors="0" skipped="0" failures="0">
  <properties>
[...]
</properties>
  <testcase name="delete_removesFromVectorStore" classname="io.github.ragHub.ingestion.IngestionServiceTest" time="8.145"/>
  <testcase name="ingest_splitsAndStoresDocument" classname="io.github.ragHub.ingestion.IngestionServiceTest" time="0.074"/>
</testsuite>